INFO 2023-08-30 19:03:10,273 autoreload 636 Watching for file changes with StatReloader
INFO 2023-08-30 19:03:18,670 basehttp 161 "GET / HTTP/1.1" 200 10697
INFO 2023-08-30 19:15:36,482 autoreload 636 Watching for file changes with StatReloader
INFO 2023-08-30 19:16:08,528 basehttp 161 "GET / HTTP/1.1" 200 10697
INFO 2023-08-30 19:16:42,706 autoreload 250 E:\PythonProject\meiduo_project\meiduo_mall\meiduo_mall\settings.py changed, reloading.
INFO 2023-08-30 19:16:43,501 autoreload 636 Watching for file changes with StatReloader
INFO 2023-08-30 21:39:57,805 basehttp 161 "GET / HTTP/1.1" 200 10697
INFO 2023-08-30 22:38:06,377 autoreload 636 Watching for file changes with StatReloader
INFO 2023-08-30 22:40:40,074 autoreload 250 E:\PythonProject\meiduo_project\meiduo_mall\meiduo_mall\settings.py changed, reloading.
INFO 2023-08-30 22:40:40,568 autoreload 636 Watching for file changes with StatReloader
INFO 2023-08-30 22:41:53,210 autoreload 636 Watching for file changes with StatReloader
INFO 2023-08-30 22:45:22,661 autoreload 636 Watching for file changes with StatReloader
INFO 2023-08-30 22:45:42,557 autoreload 250 E:\PythonProject\meiduo_project\meiduo_mall\apps\users\apps.py changed, reloading.
INFO 2023-08-30 22:45:43,042 autoreload 636 Watching for file changes with StatReloader
INFO 2023-08-30 22:46:21,741 autoreload 636 Watching for file changes with StatReloader
INFO 2023-08-30 22:46:35,554 autoreload 636 Watching for file changes with StatReloader
INFO 2023-08-30 22:46:48,328 autoreload 636 Watching for file changes with StatReloader
INFO 2023-08-30 22:47:11,986 autoreload 250 E:\PythonProject\meiduo_project\meiduo_mall\apps\users\models.py changed, reloading.
INFO 2023-08-30 22:47:12,671 autoreload 636 Watching for file changes with StatReloader
INFO 2023-08-30 22:53:58,757 autoreload 250 E:\PythonProject\meiduo_project\meiduo_mall\apps\users\apps.py changed, reloading.
INFO 2023-08-30 22:53:59,339 autoreload 636 Watching for file changes with StatReloader
INFO 2023-08-30 22:56:36,184 autoreload 636 Watching for file changes with StatReloader
INFO 2023-08-30 23:04:28,742 autoreload 636 Watching for file changes with StatReloader
INFO 2023-08-30 23:04:39,413 autoreload 250 E:\PythonProject\meiduo_project\meiduo_mall\apps\users\apps.py changed, reloading.
INFO 2023-08-30 23:04:40,073 autoreload 636 Watching for file changes with StatReloader
INFO 2023-08-30 23:07:33,165 autoreload 636 Watching for file changes with StatReloader
INFO 2023-08-30 23:09:26,510 autoreload 250 E:\PythonProject\meiduo_project\meiduo_mall\apps\users\apps.py changed, reloading.
INFO 2023-08-30 23:09:27,081 autoreload 636 Watching for file changes with StatReloader
INFO 2023-08-30 23:10:15,993 autoreload 636 Watching for file changes with StatReloader
INFO 2023-08-30 23:36:37,943 autoreload 636 Watching for file changes with StatReloader
INFO 2023-08-30 23:36:40,395 basehttp 161 "GET / HTTP/1.1" 200 10697
INFO 2023-08-31 09:38:57,424 autoreload 636 Watching for file changes with StatReloader
INFO 2023-08-31 09:40:46,297 autoreload 636 Watching for file changes with StatReloader
WARNING 2023-08-31 09:41:20,585 log 224 Not Found: /username/daguo/count/
WARNING 2023-08-31 09:41:20,586 basehttp 161 "GET /username/daguo/count/ HTTP/1.1" 404 2131
INFO 2023-08-31 09:41:52,540 autoreload 636 Watching for file changes with StatReloader
INFO 2023-08-31 09:42:05,445 autoreload 636 Watching for file changes with StatReloader
WARNING 2023-08-31 09:42:08,448 log 224 Not Found: /username/daguo/count/
WARNING 2023-08-31 09:42:08,448 basehttp 161 "GET /username/daguo/count/ HTTP/1.1" 404 2211
WARNING 2023-08-31 09:42:34,049 log 224 Not Found: /usernames/user/count/
WARNING 2023-08-31 09:42:34,049 basehttp 161 "GET /usernames/user/count/ HTTP/1.1" 404 2211
INFO 2023-08-31 09:42:56,629 autoreload 636 Watching for file changes with StatReloader
INFO 2023-08-31 09:42:59,991 basehttp 161 "GET /usernames/user/count/ HTTP/1.1" 200 39
INFO 2023-08-31 09:48:45,346 autoreload 250 E:\PythonProject\meiduo_project\meiduo_mall\apps\users\views.py changed, reloading.
INFO 2023-08-31 09:48:45,918 autoreload 636 Watching for file changes with StatReloader
INFO 2023-08-31 09:48:54,327 basehttp 161 "GET /usernames/user/count/ HTTP/1.1" 200 75
INFO 2023-08-31 09:54:39,681 autoreload 636 Watching for file changes with StatReloader
WARNING 2023-08-31 09:54:44,858 log 224 Not Found: /usernames/user/count/
WARNING 2023-08-31 09:54:44,859 basehttp 161 "GET /usernames/user/count/ HTTP/1.1" 404 2219
INFO 2023-08-31 10:09:52,652 autoreload 250 E:\PythonProject\meiduo_project\meiduo_mall\meiduo_mall\settings.py changed, reloading.
INFO 2023-08-31 10:09:53,190 autoreload 636 Watching for file changes with StatReloader
INFO 2023-08-31 10:11:00,322 autoreload 250 E:\PythonProject\meiduo_project\meiduo_mall\meiduo_mall\settings.py changed, reloading.
INFO 2023-08-31 10:11:00,881 autoreload 636 Watching for file changes with StatReloader
INFO 2023-08-31 10:12:11,047 autoreload 250 E:\PythonProject\meiduo_project\meiduo_mall\meiduo_mall\settings.py changed, reloading.
INFO 2023-08-31 10:12:11,622 autoreload 636 Watching for file changes with StatReloader
INFO 2023-08-31 10:13:05,360 autoreload 250 E:\PythonProject\meiduo_project\meiduo_mall\meiduo_mall\settings.py changed, reloading.
INFO 2023-08-31 10:13:05,941 autoreload 636 Watching for file changes with StatReloader
INFO 2023-08-31 10:16:38,313 autoreload 636 Watching for file changes with StatReloader
WARNING 2023-08-31 10:20:44,145 log 224 Not Found: /usernames/daguo/count/
WARNING 2023-08-31 10:20:44,146 basehttp 161 "GET /usernames/daguo/count/ HTTP/1.1" 404 2222
INFO 2023-08-31 10:21:06,750 autoreload 250 E:\PythonProject\meiduo_project\meiduo_mall\meiduo_mall\settings.py changed, reloading.
INFO 2023-08-31 10:21:07,386 autoreload 636 Watching for file changes with StatReloader
WARNING 2023-08-31 10:21:08,936 log 224 Not Found: /usernames/daguo/count/
WARNING 2023-08-31 10:21:08,936 basehttp 161 "GET /usernames/daguo/count/ HTTP/1.1" 404 2222
WARNING 2023-08-31 10:21:16,020 log 224 Not Found: /usernames/daguo2/count/
WARNING 2023-08-31 10:21:16,020 basehttp 161 "GET /usernames/daguo2/count/ HTTP/1.1" 404 2225
WARNING 2023-08-31 10:21:43,270 log 224 Not Found: /username/daguo/count/
WARNING 2023-08-31 10:21:43,271 basehttp 161 "GET /username/daguo/count/ HTTP/1.1" 404 2219
WARNING 2023-08-31 10:23:38,901 log 224 Not Found: /username/daguo/count/
WARNING 2023-08-31 10:23:38,902 basehttp 161 "GET /username/daguo/count/ HTTP/1.1" 404 2219
INFO 2023-08-31 10:23:44,046 autoreload 250 E:\PythonProject\meiduo_project\meiduo_mall\apps\users\urls.py changed, reloading.
INFO 2023-08-31 10:23:44,653 autoreload 636 Watching for file changes with StatReloader
INFO 2023-08-31 10:23:58,222 autoreload 636 Watching for file changes with StatReloader
WARNING 2023-08-31 10:24:01,526 log 224 Not Found: /username/daguo/count/
WARNING 2023-08-31 10:24:01,527 basehttp 161 "GET /username/daguo/count/ HTTP/1.1" 404 2210
INFO 2023-08-31 10:24:22,424 autoreload 250 E:\PythonProject\meiduo_project\meiduo_mall\meiduo_mall\settings.py changed, reloading.
INFO 2023-08-31 10:24:23,053 autoreload 636 Watching for file changes with StatReloader
WARNING 2023-08-31 10:24:24,703 log 224 Not Found: /username/daguo/count/
WARNING 2023-08-31 10:24:24,704 basehttp 161 "GET /username/daguo/count/ HTTP/1.1" 404 2210
WARNING 2023-08-31 10:24:33,614 log 224 Not Found: /username/daguo2/count/
WARNING 2023-08-31 10:24:33,615 basehttp 161 "GET /username/daguo2/count/ HTTP/1.1" 404 2213
INFO 2023-08-31 10:24:56,430 autoreload 250 E:\PythonProject\meiduo_project\meiduo_mall\apps\users\views.py changed, reloading.
INFO 2023-08-31 10:24:57,017 autoreload 636 Watching for file changes with StatReloader
WARNING 2023-08-31 10:24:59,627 log 224 Not Found: /username/daguo2/count/
WARNING 2023-08-31 10:24:59,627 basehttp 161 "GET /username/daguo2/count/ HTTP/1.1" 404 2213
WARNING 2023-08-31 10:25:02,575 log 224 Not Found: /username/dagu/count/
WARNING 2023-08-31 10:25:02,576 basehttp 161 "GET /username/dagu/count/ HTTP/1.1" 404 2207
WARNING 2023-08-31 10:25:42,648 log 224 Not Found: /
WARNING 2023-08-31 10:25:42,649 basehttp 161 "GET / HTTP/1.1" 404 2129
INFO 2023-08-31 10:25:42,680 autoreload 250 E:\PythonProject\meiduo_project\meiduo_mall\meiduo_mall\settings.py changed, reloading.
INFO 2023-08-31 10:25:43,317 autoreload 636 Watching for file changes with StatReloader
WARNING 2023-08-31 10:25:43,598 log 224 Not Found: /favicon.ico
WARNING 2023-08-31 10:25:43,598 basehttp 161 "GET /favicon.ico HTTP/1.1" 404 2180
INFO 2023-08-31 10:26:05,813 basehttp 161 "GET /usernames/daguo/count/ HTTP/1.1" 200 39
WARNING 2023-08-31 10:26:21,727 log 224 Not Found: /username/dagu0/count/
WARNING 2023-08-31 10:26:21,727 basehttp 161 "GET /username/dagu0/count/ HTTP/1.1" 404 2210
INFO 2023-08-31 10:26:53,341 basehttp 161 "GET /usernames/daguo/count/ HTTP/1.1" 200 39
INFO 2023-08-31 10:27:01,223 basehttp 161 "GET /usernames/daguo/count/ HTTP/1.1" 200 39
INFO 2023-08-31 10:27:12,101 autoreload 250 E:\PythonProject\meiduo_project\meiduo_mall\apps\users\views.py changed, reloading.
INFO 2023-08-31 10:27:12,674 autoreload 636 Watching for file changes with StatReloader
INFO 2023-08-31 10:27:20,219 autoreload 250 E:\PythonProject\meiduo_project\meiduo_mall\apps\users\urls.py changed, reloading.
INFO 2023-08-31 10:27:20,759 autoreload 636 Watching for file changes with StatReloader
WARNING 2023-08-31 10:27:24,622 log 224 Not Found: /usernames/daguo/count/
WARNING 2023-08-31 10:27:24,624 basehttp 161 "GET /usernames/daguo/count/ HTTP/1.1" 404 2222
WARNING 2023-08-31 10:27:28,041 log 224 Not Found: /usernames/daguo/count/
WARNING 2023-08-31 10:27:28,041 basehttp 161 "GET /usernames/daguo/count/ HTTP/1.1" 404 2222
INFO 2023-08-31 10:28:31,241 autoreload 250 E:\PythonProject\meiduo_project\meiduo_mall\utils\converters.py changed, reloading.
INFO 2023-08-31 10:28:31,848 autoreload 636 Watching for file changes with StatReloader
INFO 2023-08-31 10:28:35,206 basehttp 161 "GET /usernames/daguo/count/ HTTP/1.1" 200 39
INFO 2023-08-31 10:28:43,302 basehttp 161 "GET /usernames/daguo/count/ HTTP/1.1" 200 39
WARNING 2023-08-31 10:28:47,400 log 224 Not Found: /usernames/dago/count/
WARNING 2023-08-31 10:28:47,401 basehttp 161 "GET /usernames/dago/count/ HTTP/1.1" 404 2219
INFO 2023-08-31 10:28:52,293 basehttp 161 "GET /usernames/daguo/count/ HTTP/1.1" 200 39
INFO 2023-08-31 10:29:22,696 autoreload 250 E:\PythonProject\meiduo_project\meiduo_mall\apps\users\views.py changed, reloading.
INFO 2023-08-31 10:29:23,232 autoreload 636 Watching for file changes with StatReloader
INFO 2023-08-31 10:35:49,601 autoreload 250 E:\PythonProject\meiduo_project\meiduo_mall\meiduo_mall\settings.py changed, reloading.
INFO 2023-08-31 10:35:50,171 autoreload 636 Watching for file changes with StatReloader
INFO 2023-08-31 10:44:29,619 autoreload 636 Watching for file changes with StatReloader
WARNING 2023-08-31 10:44:36,866 log 224 Not Found: /image_codes/bea83738-fdb0-425c-8a0c-e44aa411bbce/
WARNING 2023-08-31 10:44:36,866 basehttp 161 "GET /image_codes/bea83738-fdb0-425c-8a0c-e44aa411bbce/ HTTP/1.1" 404 2309
WARNING 2023-08-31 10:45:26,486 log 224 Not Found: /
WARNING 2023-08-31 10:45:26,487 basehttp 161 "GET / HTTP/1.1" 404 2144
WARNING 2023-08-31 10:45:26,620 log 224 Not Found: /favicon.ico
WARNING 2023-08-31 10:45:26,621 basehttp 161 "GET /favicon.ico HTTP/1.1" 404 2195
INFO 2023-08-31 10:46:01,688 autoreload 636 Watching for file changes with StatReloader
WARNING 2023-08-31 10:48:55,732 log 224 Not Found: /carts/simple/
WARNING 2023-08-31 10:48:55,732 basehttp 161 "GET /carts/simple/ HTTP/1.1" 404 2201
WARNING 2023-08-31 10:49:07,271 log 224 Not Found: /image_codes/e4466bf4-08be-4efd-94c0-8ca85963344f/
WARNING 2023-08-31 10:49:07,273 basehttp 161 "GET /image_codes/e4466bf4-08be-4efd-94c0-8ca85963344f/ HTTP/1.1" 404 2309
WARNING 2023-08-31 10:49:59,042 log 224 Not Found: /image_codes/15bcd242-73fe-4a3e-8526-40c9c9086318/
WARNING 2023-08-31 10:49:59,042 basehttp 161 "GET /image_codes/15bcd242-73fe-4a3e-8526-40c9c9086318/ HTTP/1.1" 404 2309
INFO 2023-08-31 10:50:16,099 basehttp 161 "GET /usernames/daguo/count/ HTTP/1.1" 200 39
INFO 2023-08-31 10:50:52,564 autoreload 250 E:\PythonProject\meiduo_project\meiduo_mall\meiduo_mall\settings.py changed, reloading.
INFO 2023-08-31 10:50:53,157 autoreload 636 Watching for file changes with StatReloader
WARNING 2023-08-31 10:50:55,427 log 224 Not Found: /image_codes/25ef87c1-1115-498e-9e19-7d63d5cca630/
WARNING 2023-08-31 10:50:55,428 basehttp 161 "GET /image_codes/25ef87c1-1115-498e-9e19-7d63d5cca630/ HTTP/1.1" 404 2309
INFO 2023-08-31 10:50:59,117 basehttp 161 "GET /usernames/daguo/count/ HTTP/1.1" 200 39
INFO 2023-08-31 10:51:02,322 basehttp 161 "GET /usernames/daguo/count/ HTTP/1.1" 200 39
INFO 2023-08-31 10:51:28,335 autoreload 636 Watching for file changes with StatReloader
INFO 2023-08-31 10:51:32,785 basehttp 161 "GET /usernames/daguo/count/ HTTP/1.1" 200 39
WARNING 2023-08-31 10:51:33,226 log 224 Not Found: /carts/simple/
WARNING 2023-08-31 10:51:33,227 basehttp 161 "GET /carts/simple/ HTTP/1.1" 404 2201
WARNING 2023-08-31 10:51:38,360 log 224 Not Found: /image_codes/3a3ddcdc-29f9-4059-8cc1-a10e5b0e8c4f/
WARNING 2023-08-31 10:51:38,360 basehttp 161 "GET /image_codes/3a3ddcdc-29f9-4059-8cc1-a10e5b0e8c4f/ HTTP/1.1" 404 2309
INFO 2023-08-31 10:51:47,883 basehttp 161 "GET /usernames/daguo/count/ HTTP/1.1" 200 39
INFO 2023-08-31 10:51:50,344 basehttp 161 "GET /usernames/daguo/count/ HTTP/1.1" 200 39
INFO 2023-08-31 10:51:51,922 basehttp 161 "GET /usernames/daguo/count/ HTTP/1.1" 200 39
INFO 2023-08-31 10:51:53,026 basehttp 161 "GET /usernames/daguo/count/ HTTP/1.1" 200 39
INFO 2023-08-31 10:51:53,946 basehttp 161 "GET /usernames/daguo/count/ HTTP/1.1" 200 39
INFO 2023-08-31 10:51:54,769 basehttp 161 "GET /usernames/daguo/count/ HTTP/1.1" 200 39
INFO 2023-08-31 10:51:55,036 basehttp 161 "GET /usernames/daguo/count/ HTTP/1.1" 200 39
INFO 2023-08-31 11:06:09,860 autoreload 636 Watching for file changes with StatReloader
INFO 2023-08-31 11:06:12,773 basehttp 161 "GET /mobiles/13856541252/count/ HTTP/1.1" 200 39
WARNING 2023-08-31 11:06:20,167 log 224 Not Found: /mobiles/1385654122/count/
WARNING 2023-08-31 11:06:20,168 basehttp 161 "GET /mobiles/1385654122/count/ HTTP/1.1" 404 2414
